2017-03-28 19:13:09 INFO  Config:53 -  Reading the config properties .......
2017-03-28 19:13:09 INFO  WebDriverInit:29 - Initailizing the WebDriver for broweser : chrome
2017-03-28 19:13:11 DEBUG RequestAddCookies:122 - CookieSpec selected: default
2017-03-28 19:13:11 DEBUG RequestAuthCache:76 - Auth cache not set in the context
2017-03-28 19:13:11 DEBUG PoolingHttpClientConnectionManager:249 - Connection request: [route: {}->http://localhost:21597][total kept alive: 0; route allocated: 0 of 2000; total allocated: 0 of 2000]
2017-03-28 19:13:11 DEBUG PoolingHttpClientConnectionManager:282 - Connection leased: [id: 0][route: {}->http://localhost:21597][total kept alive: 0; route allocated: 1 of 2000; total allocated: 1 of 2000]
2017-03-28 19:13:11 DEBUG MainClientExec:234 - Opening connection {}->http://localhost:21597
2017-03-28 19:13:11 DEBUG DefaultHttpClientConnectionOperator:131 - Connecting to localhost/127.0.0.1:21597
2017-03-28 19:13:11 DEBUG DefaultHttpClientConnectionOperator:138 - Connection established 127.0.0.1:52270<->127.0.0.1:21597
2017-03-28 19:13:11 DEBUG DefaultManagedHttpClientConnection:90 - http-outgoing-0: set socket timeout to 10800000
2017-03-28 19:13:11 DEBUG MainClientExec:255 - Executing request POST /session HTTP/1.1
2017-03-28 19:13:11 DEBUG MainClientExec:260 - Target auth state: UNCHALLENGED
2017-03-28 19:13:11 DEBUG MainClientExec:266 - Proxy auth state: UNCHALLENGED
2017-03-28 19:13:11 DEBUG headers:135 - http-outgoing-0 >> POST /session HTTP/1.1
2017-03-28 19:13:11 DEBUG headers:138 - http-outgoing-0 >> Content-Type: application/json; charset=utf-8
2017-03-28 19:13:11 DEBUG headers:138 - http-outgoing-0 >> Content-Length: 229
2017-03-28 19:13:11 DEBUG headers:138 - http-outgoing-0 >> Host: localhost:21597
2017-03-28 19:13:11 DEBUG headers:138 - http-outgoing-0 >> Connection: Keep-Alive
2017-03-28 19:13:11 DEBUG headers:138 - http-outgoing-0 >> User-Agent: Apache-HttpClient/4.5.1 (Java/1.8.0_121)
2017-03-28 19:13:11 DEBUG headers:138 - http-outgoing-0 >> Accept-Encoding: gzip,deflate
2017-03-28 19:13:11 DEBUG wire:72 - http-outgoing-0 >> "POST /session HTTP/1.1[\r][\n]"
2017-03-28 19:13:11 DEBUG wire:72 - http-outgoing-0 >> "Content-Type: application/json; charset=utf-8[\r][\n]"
2017-03-28 19:13:11 DEBUG wire:72 - http-outgoing-0 >> "Content-Length: 229[\r][\n]"
2017-03-28 19:13:11 DEBUG wire:72 - http-outgoing-0 >> "Host: localhost:21597[\r][\n]"
2017-03-28 19:13:11 DEBUG wire:72 - http-outgoing-0 >> "Connection: Keep-Alive[\r][\n]"
2017-03-28 19:13:11 DEBUG wire:72 - http-outgoing-0 >> "User-Agent: Apache-HttpClient/4.5.1 (Java/1.8.0_121)[\r][\n]"
2017-03-28 19:13:11 DEBUG wire:72 - http-outgoing-0 >> "Accept-Encoding: gzip,deflate[\r][\n]"
2017-03-28 19:13:11 DEBUG wire:72 - http-outgoing-0 >> "[\r][\n]"
2017-03-28 19:13:11 DEBUG wire:86 - http-outgoing-0 >> "{"capabilities": {"desiredCapabilities": {"browserName":"chrome","version":"","platform":"ANY"},"requiredCapabilities": {}},"desiredCapabilities": {"browserName":"chrome","version":"","platform":"ANY"},"requiredCapabilities": {}}"
2017-03-28 19:13:12 DEBUG wire:72 - http-outgoing-0 << "HTTP/1.1 200 OK[\r][\n]"
2017-03-28 19:13:12 DEBUG wire:72 - http-outgoing-0 << "Content-Length:748[\r][\n]"
2017-03-28 19:13:12 DEBUG wire:72 - http-outgoing-0 << "Content-Type:application/json; charset=utf-8[\r][\n]"
2017-03-28 19:13:12 DEBUG wire:72 - http-outgoing-0 << "Connection:close[\r][\n]"
2017-03-28 19:13:12 DEBUG wire:72 - http-outgoing-0 << "[\r][\n]"
2017-03-28 19:13:12 DEBUG wire:86 - http-outgoing-0 << "{"sessionId":"9e9cdd519d620322fb405e21655a27c6","status":0,"value":{"acceptSslCerts":true,"applicationCacheEnabled":false,"browserConnectionEnabled":false,"browserName":"chrome","chrome":{"chromedriverVersion":"2.27.440175 (9bc1d90b8bfa4dd181fbbf769a5eb5e575574320)","userDataDir":"/tmp/.org.chromium.Chromium.ZQT15V"},"cssSelectorsEnabled":true,"databaseEnabled":false,"handlesAlerts":true,"hasTouchScreen":false,"javascriptEnabled":true,"locationContextEnabled":true,"mobileEmulationEnabled":false,"nativeEvents":true,"networkConnectionEnabled":false,"pageLoadStrategy":"normal","platform":"Linux","rotatable":false,"takesHeapSnapshot":true,"takesScreenshot":true,"unexpectedAlertBehaviour":"","version":"57.0.2987.110","webStorageEnabled":true}}"
2017-03-28 19:13:12 DEBUG headers:124 - http-outgoing-0 << HTTP/1.1 200 OK
2017-03-28 19:13:12 DEBUG headers:127 - http-outgoing-0 << Content-Length:748
2017-03-28 19:13:12 DEBUG headers:127 - http-outgoing-0 << Content-Type:application/json; charset=utf-8
2017-03-28 19:13:12 DEBUG headers:127 - http-outgoing-0 << Connection:close
2017-03-28 19:13:12 DEBUG DefaultManagedHttpClientConnection:81 - http-outgoing-0: Close connection
2017-03-28 19:13:12 DEBUG MainClientExec:103 - Connection discarded
2017-03-28 19:13:12 DEBUG PoolingHttpClientConnectionManager:320 - Connection released: [id: 0][route: {}->http://localhost:21597][total kept alive: 0; route allocated: 0 of 2000; total allocated: 0 of 2000]
2017-03-28 19:13:12 INFO  WebDriverInit:79 -  Setting the implicit wait : 20 Seconds
2017-03-28 19:13:12 DEBUG RequestAddCookies:122 - CookieSpec selected: default
2017-03-28 19:13:12 DEBUG RequestAuthCache:76 - Auth cache not set in the context
2017-03-28 19:13:12 DEBUG PoolingHttpClientConnectionManager:249 - Connection request: [route: {}->http://localhost:21597][total kept alive: 0; route allocated: 0 of 2000; total allocated: 0 of 2000]
2017-03-28 19:13:12 DEBUG PoolingHttpClientConnectionManager:282 - Connection leased: [id: 1][route: {}->http://localhost:21597][total kept alive: 0; route allocated: 1 of 2000; total allocated: 1 of 2000]
2017-03-28 19:13:12 DEBUG MainClientExec:234 - Opening connection {}->http://localhost:21597
2017-03-28 19:13:12 DEBUG DefaultHttpClientConnectionOperator:131 - Connecting to localhost/127.0.0.1:21597
2017-03-28 19:13:12 DEBUG DefaultHttpClientConnectionOperator:138 - Connection established 127.0.0.1:52298<->127.0.0.1:21597
2017-03-28 19:13:12 DEBUG DefaultManagedHttpClientConnection:90 - http-outgoing-1: set socket timeout to 10800000
2017-03-28 19:13:12 DEBUG MainClientExec:255 - Executing request POST /session/9e9cdd519d620322fb405e21655a27c6/window/current/maximize HTTP/1.1
2017-03-28 19:13:12 DEBUG MainClientExec:260 - Target auth state: UNCHALLENGED
2017-03-28 19:13:12 DEBUG MainClientExec:266 - Proxy auth state: UNCHALLENGED
2017-03-28 19:13:12 DEBUG headers:135 - http-outgoing-1 >> POST /session/9e9cdd519d620322fb405e21655a27c6/window/current/maximize HTTP/1.1
2017-03-28 19:13:12 DEBUG headers:138 - http-outgoing-1 >> Content-Type: application/json; charset=utf-8
2017-03-28 19:13:12 DEBUG headers:138 - http-outgoing-1 >> Content-Length: 45
2017-03-28 19:13:12 DEBUG headers:138 - http-outgoing-1 >> Host: localhost:21597
2017-03-28 19:13:12 DEBUG headers:138 - http-outgoing-1 >> Connection: Keep-Alive
2017-03-28 19:13:12 DEBUG headers:138 - http-outgoing-1 >> User-Agent: Apache-HttpClient/4.5.1 (Java/1.8.0_121)
2017-03-28 19:13:12 DEBUG headers:138 - http-outgoing-1 >> Accept-Encoding: gzip,deflate
2017-03-28 19:13:12 DEBUG wire:72 - http-outgoing-1 >> "POST /session/9e9cdd519d620322fb405e21655a27c6/window/current/maximize HTTP/1.1[\r][\n]"
2017-03-28 19:13:12 DEBUG wire:72 - http-outgoing-1 >> "Content-Type: application/json; charset=utf-8[\r][\n]"
2017-03-28 19:13:12 DEBUG wire:72 - http-outgoing-1 >> "Content-Length: 45[\r][\n]"
2017-03-28 19:13:12 DEBUG wire:72 - http-outgoing-1 >> "Host: localhost:21597[\r][\n]"
2017-03-28 19:13:12 DEBUG wire:72 - http-outgoing-1 >> "Connection: Keep-Alive[\r][\n]"
2017-03-28 19:13:12 DEBUG wire:72 - http-outgoing-1 >> "User-Agent: Apache-HttpClient/4.5.1 (Java/1.8.0_121)[\r][\n]"
2017-03-28 19:13:12 DEBUG wire:72 - http-outgoing-1 >> "Accept-Encoding: gzip,deflate[\r][\n]"
2017-03-28 19:13:12 DEBUG wire:72 - http-outgoing-1 >> "[\r][\n]"
2017-03-28 19:13:12 DEBUG wire:86 - http-outgoing-1 >> "{"windowHandle":"current","handle":"current"}"
2017-03-28 19:13:12 DEBUG wire:72 - http-outgoing-1 << "HTTP/1.1 200 OK[\r][\n]"
2017-03-28 19:13:12 DEBUG wire:72 - http-outgoing-1 << "Content-Length:72[\r][\n]"
2017-03-28 19:13:12 DEBUG wire:72 - http-outgoing-1 << "Content-Type:application/json; charset=utf-8[\r][\n]"
2017-03-28 19:13:12 DEBUG wire:72 - http-outgoing-1 << "Connection:close[\r][\n]"
2017-03-28 19:13:12 DEBUG wire:72 - http-outgoing-1 << "[\r][\n]"
2017-03-28 19:13:12 DEBUG wire:86 - http-outgoing-1 << "{"sessionId":"9e9cdd519d620322fb405e21655a27c6","status":0,"value":null}"
2017-03-28 19:13:12 DEBUG headers:124 - http-outgoing-1 << HTTP/1.1 200 OK
2017-03-28 19:13:12 DEBUG headers:127 - http-outgoing-1 << Content-Length:72
2017-03-28 19:13:12 DEBUG headers:127 - http-outgoing-1 << Content-Type:application/json; charset=utf-8
2017-03-28 19:13:12 DEBUG headers:127 - http-outgoing-1 << Connection:close
2017-03-28 19:13:12 DEBUG DefaultManagedHttpClientConnection:81 - http-outgoing-1: Close connection
2017-03-28 19:13:12 DEBUG MainClientExec:103 - Connection discarded
2017-03-28 19:13:12 DEBUG PoolingHttpClientConnectionManager:320 - Connection released: [id: 1][route: {}->http://localhost:21597][total kept alive: 0; route allocated: 0 of 2000; total allocated: 0 of 2000]
2017-03-28 19:13:12 DEBUG RequestAddCookies:122 - CookieSpec selected: default
2017-03-28 19:13:12 DEBUG RequestAuthCache:76 - Auth cache not set in the context
2017-03-28 19:13:12 DEBUG PoolingHttpClientConnectionManager:249 - Connection request: [route: {}->http://localhost:21597][total kept alive: 0; route allocated: 0 of 2000; total allocated: 0 of 2000]
2017-03-28 19:13:12 DEBUG PoolingHttpClientConnectionManager:282 - Connection leased: [id: 2][route: {}->http://localhost:21597][total kept alive: 0; route allocated: 1 of 2000; total allocated: 1 of 2000]
2017-03-28 19:13:12 DEBUG MainClientExec:234 - Opening connection {}->http://localhost:21597
2017-03-28 19:13:12 DEBUG DefaultHttpClientConnectionOperator:131 - Connecting to localhost/127.0.0.1:21597
2017-03-28 19:13:12 DEBUG DefaultHttpClientConnectionOperator:138 - Connection established 127.0.0.1:52302<->127.0.0.1:21597
2017-03-28 19:13:12 DEBUG DefaultManagedHttpClientConnection:90 - http-outgoing-2: set socket timeout to 10800000
2017-03-28 19:13:12 DEBUG MainClientExec:255 - Executing request POST /session/9e9cdd519d620322fb405e21655a27c6/timeouts HTTP/1.1
2017-03-28 19:13:12 DEBUG MainClientExec:260 - Target auth state: UNCHALLENGED
2017-03-28 19:13:12 DEBUG MainClientExec:266 - Proxy auth state: UNCHALLENGED
2017-03-28 19:13:12 DEBUG headers:135 - http-outgoing-2 >> POST /session/9e9cdd519d620322fb405e21655a27c6/timeouts HTTP/1.1
2017-03-28 19:13:12 DEBUG headers:138 - http-outgoing-2 >> Content-Type: application/json; charset=utf-8
2017-03-28 19:13:12 DEBUG headers:138 - http-outgoing-2 >> Content-Length: 30
2017-03-28 19:13:12 DEBUG headers:138 - http-outgoing-2 >> Host: localhost:21597
2017-03-28 19:13:12 DEBUG headers:138 - http-outgoing-2 >> Connection: Keep-Alive
2017-03-28 19:13:12 DEBUG headers:138 - http-outgoing-2 >> User-Agent: Apache-HttpClient/4.5.1 (Java/1.8.0_121)
2017-03-28 19:13:12 DEBUG headers:138 - http-outgoing-2 >> Accept-Encoding: gzip,deflate
2017-03-28 19:13:12 DEBUG wire:72 - http-outgoing-2 >> "POST /session/9e9cdd519d620322fb405e21655a27c6/timeouts HTTP/1.1[\r][\n]"
2017-03-28 19:13:12 DEBUG wire:72 - http-outgoing-2 >> "Content-Type: application/json; charset=utf-8[\r][\n]"
2017-03-28 19:13:12 DEBUG wire:72 - http-outgoing-2 >> "Content-Length: 30[\r][\n]"
2017-03-28 19:13:12 DEBUG wire:72 - http-outgoing-2 >> "Host: localhost:21597[\r][\n]"
2017-03-28 19:13:12 DEBUG wire:72 - http-outgoing-2 >> "Connection: Keep-Alive[\r][\n]"
2017-03-28 19:13:12 DEBUG wire:72 - http-outgoing-2 >> "User-Agent: Apache-HttpClient/4.5.1 (Java/1.8.0_121)[\r][\n]"
2017-03-28 19:13:12 DEBUG wire:72 - http-outgoing-2 >> "Accept-Encoding: gzip,deflate[\r][\n]"
2017-03-28 19:13:12 DEBUG wire:72 - http-outgoing-2 >> "[\r][\n]"
2017-03-28 19:13:12 DEBUG wire:86 - http-outgoing-2 >> "{"type":"implicit","ms":20000}"
2017-03-28 19:13:12 DEBUG wire:72 - http-outgoing-2 << "HTTP/1.1 200 OK[\r][\n]"
2017-03-28 19:13:12 DEBUG wire:72 - http-outgoing-2 << "Content-Length:72[\r][\n]"
2017-03-28 19:13:12 DEBUG wire:72 - http-outgoing-2 << "Content-Type:application/json; charset=utf-8[\r][\n]"
2017-03-28 19:13:12 DEBUG wire:72 - http-outgoing-2 << "Connection:close[\r][\n]"
2017-03-28 19:13:12 DEBUG wire:72 - http-outgoing-2 << "[\r][\n]"
2017-03-28 19:13:12 DEBUG wire:86 - http-outgoing-2 << "{"sessionId":"9e9cdd519d620322fb405e21655a27c6","status":0,"value":null}"
2017-03-28 19:13:12 DEBUG headers:124 - http-outgoing-2 << HTTP/1.1 200 OK
2017-03-28 19:13:12 DEBUG headers:127 - http-outgoing-2 << Content-Length:72
2017-03-28 19:13:12 DEBUG headers:127 - http-outgoing-2 << Content-Type:application/json; charset=utf-8
2017-03-28 19:13:12 DEBUG headers:127 - http-outgoing-2 << Connection:close
2017-03-28 19:13:12 DEBUG DefaultManagedHttpClientConnection:81 - http-outgoing-2: Close connection
2017-03-28 19:13:12 DEBUG MainClientExec:103 - Connection discarded
2017-03-28 19:13:12 DEBUG PoolingHttpClientConnectionManager:320 - Connection released: [id: 2][route: {}->http://localhost:21597][total kept alive: 0; route allocated: 0 of 2000; total allocated: 0 of 2000]
2017-03-28 19:13:12 DEBUG SeleniumCommon:39 - opening the URL :http://localhost:8080
2017-03-28 19:13:12 DEBUG RequestAddCookies:122 - CookieSpec selected: default
2017-03-28 19:13:12 DEBUG RequestAuthCache:76 - Auth cache not set in the context
2017-03-28 19:13:12 DEBUG PoolingHttpClientConnectionManager:249 - Connection request: [route: {}->http://localhost:21597][total kept alive: 0; route allocated: 0 of 2000; total allocated: 0 of 2000]
2017-03-28 19:13:12 DEBUG PoolingHttpClientConnectionManager:282 - Connection leased: [id: 3][route: {}->http://localhost:21597][total kept alive: 0; route allocated: 1 of 2000; total allocated: 1 of 2000]
2017-03-28 19:13:12 DEBUG MainClientExec:234 - Opening connection {}->http://localhost:21597
2017-03-28 19:13:12 DEBUG DefaultHttpClientConnectionOperator:131 - Connecting to localhost/127.0.0.1:21597
2017-03-28 19:13:12 DEBUG DefaultHttpClientConnectionOperator:138 - Connection established 127.0.0.1:52304<->127.0.0.1:21597
2017-03-28 19:13:12 DEBUG DefaultManagedHttpClientConnection:90 - http-outgoing-3: set socket timeout to 10800000
2017-03-28 19:13:12 DEBUG MainClientExec:255 - Executing request POST /session/9e9cdd519d620322fb405e21655a27c6/window/current/maximize HTTP/1.1
2017-03-28 19:13:12 DEBUG MainClientExec:260 - Target auth state: UNCHALLENGED
2017-03-28 19:13:12 DEBUG MainClientExec:266 - Proxy auth state: UNCHALLENGED
2017-03-28 19:13:12 DEBUG headers:135 - http-outgoing-3 >> POST /session/9e9cdd519d620322fb405e21655a27c6/window/current/maximize HTTP/1.1
2017-03-28 19:13:12 DEBUG headers:138 - http-outgoing-3 >> Content-Type: application/json; charset=utf-8
2017-03-28 19:13:12 DEBUG headers:138 - http-outgoing-3 >> Content-Length: 45
2017-03-28 19:13:12 DEBUG headers:138 - http-outgoing-3 >> Host: localhost:21597
2017-03-28 19:13:12 DEBUG headers:138 - http-outgoing-3 >> Connection: Keep-Alive
2017-03-28 19:13:12 DEBUG headers:138 - http-outgoing-3 >> User-Agent: Apache-HttpClient/4.5.1 (Java/1.8.0_121)
2017-03-28 19:13:12 DEBUG headers:138 - http-outgoing-3 >> Accept-Encoding: gzip,deflate
2017-03-28 19:13:12 DEBUG wire:72 - http-outgoing-3 >> "POST /session/9e9cdd519d620322fb405e21655a27c6/window/current/maximize HTTP/1.1[\r][\n]"
2017-03-28 19:13:12 DEBUG wire:72 - http-outgoing-3 >> "Content-Type: application/json; charset=utf-8[\r][\n]"
2017-03-28 19:13:12 DEBUG wire:72 - http-outgoing-3 >> "Content-Length: 45[\r][\n]"
2017-03-28 19:13:12 DEBUG wire:72 - http-outgoing-3 >> "Host: localhost:21597[\r][\n]"
2017-03-28 19:13:12 DEBUG wire:72 - http-outgoing-3 >> "Connection: Keep-Alive[\r][\n]"
2017-03-28 19:13:12 DEBUG wire:72 - http-outgoing-3 >> "User-Agent: Apache-HttpClient/4.5.1 (Java/1.8.0_121)[\r][\n]"
2017-03-28 19:13:12 DEBUG wire:72 - http-outgoing-3 >> "Accept-Encoding: gzip,deflate[\r][\n]"
2017-03-28 19:13:12 DEBUG wire:72 - http-outgoing-3 >> "[\r][\n]"
2017-03-28 19:13:12 DEBUG wire:86 - http-outgoing-3 >> "{"windowHandle":"current","handle":"current"}"
2017-03-28 19:13:12 DEBUG wire:72 - http-outgoing-3 << "HTTP/1.1 200 OK[\r][\n]"
2017-03-28 19:13:12 DEBUG wire:72 - http-outgoing-3 << "Content-Length:72[\r][\n]"
2017-03-28 19:13:12 DEBUG wire:72 - http-outgoing-3 << "Content-Type:application/json; charset=utf-8[\r][\n]"
2017-03-28 19:13:12 DEBUG wire:72 - http-outgoing-3 << "Connection:close[\r][\n]"
2017-03-28 19:13:12 DEBUG wire:72 - http-outgoing-3 << "[\r][\n]"
2017-03-28 19:13:12 DEBUG wire:86 - http-outgoing-3 << "{"sessionId":"9e9cdd519d620322fb405e21655a27c6","status":0,"value":null}"
2017-03-28 19:13:12 DEBUG headers:124 - http-outgoing-3 << HTTP/1.1 200 OK
2017-03-28 19:13:12 DEBUG headers:127 - http-outgoing-3 << Content-Length:72
2017-03-28 19:13:12 DEBUG headers:127 - http-outgoing-3 << Content-Type:application/json; charset=utf-8
2017-03-28 19:13:12 DEBUG headers:127 - http-outgoing-3 << Connection:close
2017-03-28 19:13:12 DEBUG DefaultManagedHttpClientConnection:81 - http-outgoing-3: Close connection
2017-03-28 19:13:12 DEBUG MainClientExec:103 - Connection discarded
2017-03-28 19:13:12 DEBUG PoolingHttpClientConnectionManager:320 - Connection released: [id: 3][route: {}->http://localhost:21597][total kept alive: 0; route allocated: 0 of 2000; total allocated: 0 of 2000]
2017-03-28 19:13:12 DEBUG RequestAddCookies:122 - CookieSpec selected: default
2017-03-28 19:13:12 DEBUG RequestAuthCache:76 - Auth cache not set in the context
2017-03-28 19:13:12 DEBUG PoolingHttpClientConnectionManager:249 - Connection request: [route: {}->http://localhost:21597][total kept alive: 0; route allocated: 0 of 2000; total allocated: 0 of 2000]
2017-03-28 19:13:12 DEBUG PoolingHttpClientConnectionManager:282 - Connection leased: [id: 4][route: {}->http://localhost:21597][total kept alive: 0; route allocated: 1 of 2000; total allocated: 1 of 2000]
2017-03-28 19:13:12 DEBUG MainClientExec:234 - Opening connection {}->http://localhost:21597
2017-03-28 19:13:12 DEBUG DefaultHttpClientConnectionOperator:131 - Connecting to localhost/127.0.0.1:21597
2017-03-28 19:13:12 DEBUG DefaultHttpClientConnectionOperator:138 - Connection established 127.0.0.1:52306<->127.0.0.1:21597
2017-03-28 19:13:12 DEBUG DefaultManagedHttpClientConnection:90 - http-outgoing-4: set socket timeout to 10800000
2017-03-28 19:13:12 DEBUG MainClientExec:255 - Executing request POST /session/9e9cdd519d620322fb405e21655a27c6/url HTTP/1.1
2017-03-28 19:13:12 DEBUG MainClientExec:260 - Target auth state: UNCHALLENGED
2017-03-28 19:13:12 DEBUG MainClientExec:266 - Proxy auth state: UNCHALLENGED
2017-03-28 19:13:12 DEBUG headers:135 - http-outgoing-4 >> POST /session/9e9cdd519d620322fb405e21655a27c6/url HTTP/1.1
2017-03-28 19:13:12 DEBUG headers:138 - http-outgoing-4 >> Content-Type: application/json; charset=utf-8
2017-03-28 19:13:12 DEBUG headers:138 - http-outgoing-4 >> Content-Length: 31
2017-03-28 19:13:12 DEBUG headers:138 - http-outgoing-4 >> Host: localhost:21597
2017-03-28 19:13:12 DEBUG headers:138 - http-outgoing-4 >> Connection: Keep-Alive
2017-03-28 19:13:12 DEBUG headers:138 - http-outgoing-4 >> User-Agent: Apache-HttpClient/4.5.1 (Java/1.8.0_121)
2017-03-28 19:13:12 DEBUG headers:138 - http-outgoing-4 >> Accept-Encoding: gzip,deflate
2017-03-28 19:13:12 DEBUG wire:72 - http-outgoing-4 >> "POST /session/9e9cdd519d620322fb405e21655a27c6/url HTTP/1.1[\r][\n]"
2017-03-28 19:13:12 DEBUG wire:72 - http-outgoing-4 >> "Content-Type: application/json; charset=utf-8[\r][\n]"
2017-03-28 19:13:12 DEBUG wire:72 - http-outgoing-4 >> "Content-Length: 31[\r][\n]"
2017-03-28 19:13:12 DEBUG wire:72 - http-outgoing-4 >> "Host: localhost:21597[\r][\n]"
2017-03-28 19:13:12 DEBUG wire:72 - http-outgoing-4 >> "Connection: Keep-Alive[\r][\n]"
2017-03-28 19:13:12 DEBUG wire:72 - http-outgoing-4 >> "User-Agent: Apache-HttpClient/4.5.1 (Java/1.8.0_121)[\r][\n]"
2017-03-28 19:13:12 DEBUG wire:72 - http-outgoing-4 >> "Accept-Encoding: gzip,deflate[\r][\n]"
2017-03-28 19:13:12 DEBUG wire:72 - http-outgoing-4 >> "[\r][\n]"
2017-03-28 19:13:12 DEBUG wire:86 - http-outgoing-4 >> "{"url":"http://localhost:8080"}"
2017-03-28 19:13:17 DEBUG wire:72 - http-outgoing-4 << "HTTP/1.1 200 OK[\r][\n]"
2017-03-28 19:13:17 DEBUG wire:72 - http-outgoing-4 << "Content-Length:72[\r][\n]"
2017-03-28 19:13:17 DEBUG wire:72 - http-outgoing-4 << "Content-Type:application/json; charset=utf-8[\r][\n]"
2017-03-28 19:13:17 DEBUG wire:72 - http-outgoing-4 << "Connection:close[\r][\n]"
2017-03-28 19:13:17 DEBUG wire:72 - http-outgoing-4 << "[\r][\n]"
2017-03-28 19:13:17 DEBUG wire:86 - http-outgoing-4 << "{"sessionId":"9e9cdd519d620322fb405e21655a27c6","status":0,"value":null}"
2017-03-28 19:13:17 DEBUG headers:124 - http-outgoing-4 << HTTP/1.1 200 OK
2017-03-28 19:13:17 DEBUG headers:127 - http-outgoing-4 << Content-Length:72
2017-03-28 19:13:17 DEBUG headers:127 - http-outgoing-4 << Content-Type:application/json; charset=utf-8
2017-03-28 19:13:17 DEBUG headers:127 - http-outgoing-4 << Connection:close
2017-03-28 19:13:17 DEBUG DefaultManagedHttpClientConnection:81 - http-outgoing-4: Close connection
2017-03-28 19:13:17 DEBUG MainClientExec:103 - Connection discarded
2017-03-28 19:13:17 DEBUG PoolingHttpClientConnectionManager:320 - Connection released: [id: 4][route: {}->http://localhost:21597][total kept alive: 0; route allocated: 0 of 2000; total allocated: 0 of 2000]
2017-03-28 19:13:18 DEBUG RequestAddCookies:122 - CookieSpec selected: default
2017-03-28 19:13:18 DEBUG RequestAuthCache:76 - Auth cache not set in the context
2017-03-28 19:13:18 DEBUG PoolingHttpClientConnectionManager:249 - Connection request: [route: {}->http://localhost:21597][total kept alive: 0; route allocated: 0 of 2000; total allocated: 0 of 2000]
2017-03-28 19:13:18 DEBUG PoolingHttpClientConnectionManager:282 - Connection leased: [id: 5][route: {}->http://localhost:21597][total kept alive: 0; route allocated: 1 of 2000; total allocated: 1 of 2000]
2017-03-28 19:13:18 DEBUG MainClientExec:234 - Opening connection {}->http://localhost:21597
2017-03-28 19:13:18 DEBUG DefaultHttpClientConnectionOperator:131 - Connecting to localhost/127.0.0.1:21597
2017-03-28 19:13:18 DEBUG DefaultHttpClientConnectionOperator:138 - Connection established 127.0.0.1:52350<->127.0.0.1:21597
2017-03-28 19:13:18 DEBUG DefaultManagedHttpClientConnection:90 - http-outgoing-5: set socket timeout to 10800000
2017-03-28 19:13:18 DEBUG MainClientExec:255 - Executing request POST /session/9e9cdd519d620322fb405e21655a27c6/timeouts HTTP/1.1
2017-03-28 19:13:18 DEBUG MainClientExec:260 - Target auth state: UNCHALLENGED
2017-03-28 19:13:18 DEBUG MainClientExec:266 - Proxy auth state: UNCHALLENGED
2017-03-28 19:13:18 DEBUG headers:135 - http-outgoing-5 >> POST /session/9e9cdd519d620322fb405e21655a27c6/timeouts HTTP/1.1
2017-03-28 19:13:18 DEBUG headers:138 - http-outgoing-5 >> Content-Type: application/json; charset=utf-8
2017-03-28 19:13:18 DEBUG headers:138 - http-outgoing-5 >> Content-Length: 31
2017-03-28 19:13:18 DEBUG headers:138 - http-outgoing-5 >> Host: localhost:21597
2017-03-28 19:13:18 DEBUG headers:138 - http-outgoing-5 >> Connection: Keep-Alive
2017-03-28 19:13:18 DEBUG headers:138 - http-outgoing-5 >> User-Agent: Apache-HttpClient/4.5.1 (Java/1.8.0_121)
2017-03-28 19:13:18 DEBUG headers:138 - http-outgoing-5 >> Accept-Encoding: gzip,deflate
2017-03-28 19:13:18 DEBUG wire:72 - http-outgoing-5 >> "POST /session/9e9cdd519d620322fb405e21655a27c6/timeouts HTTP/1.1[\r][\n]"
2017-03-28 19:13:18 DEBUG wire:72 - http-outgoing-5 >> "Content-Type: application/json; charset=utf-8[\r][\n]"
2017-03-28 19:13:18 DEBUG wire:72 - http-outgoing-5 >> "Content-Length: 31[\r][\n]"
2017-03-28 19:13:18 DEBUG wire:72 - http-outgoing-5 >> "Host: localhost:21597[\r][\n]"
2017-03-28 19:13:18 DEBUG wire:72 - http-outgoing-5 >> "Connection: Keep-Alive[\r][\n]"
2017-03-28 19:13:18 DEBUG wire:72 - http-outgoing-5 >> "User-Agent: Apache-HttpClient/4.5.1 (Java/1.8.0_121)[\r][\n]"
2017-03-28 19:13:18 DEBUG wire:72 - http-outgoing-5 >> "Accept-Encoding: gzip,deflate[\r][\n]"
2017-03-28 19:13:18 DEBUG wire:72 - http-outgoing-5 >> "[\r][\n]"
2017-03-28 19:13:18 DEBUG wire:86 - http-outgoing-5 >> "{"type":"page load","ms":30000}"
2017-03-28 19:13:18 DEBUG wire:72 - http-outgoing-5 << "HTTP/1.1 200 OK[\r][\n]"
2017-03-28 19:13:18 DEBUG wire:72 - http-outgoing-5 << "Content-Length:72[\r][\n]"
2017-03-28 19:13:18 DEBUG wire:72 - http-outgoing-5 << "Content-Type:application/json; charset=utf-8[\r][\n]"
2017-03-28 19:13:18 DEBUG wire:72 - http-outgoing-5 << "Connection:close[\r][\n]"
2017-03-28 19:13:18 DEBUG wire:72 - http-outgoing-5 << "[\r][\n]"
2017-03-28 19:13:18 DEBUG wire:86 - http-outgoing-5 << "{"sessionId":"9e9cdd519d620322fb405e21655a27c6","status":0,"value":null}"
2017-03-28 19:13:18 DEBUG headers:124 - http-outgoing-5 << HTTP/1.1 200 OK
2017-03-28 19:13:18 DEBUG headers:127 - http-outgoing-5 << Content-Length:72
2017-03-28 19:13:18 DEBUG headers:127 - http-outgoing-5 << Content-Type:application/json; charset=utf-8
2017-03-28 19:13:18 DEBUG headers:127 - http-outgoing-5 << Connection:close
2017-03-28 19:13:18 DEBUG DefaultManagedHttpClientConnection:81 - http-outgoing-5: Close connection
2017-03-28 19:13:18 DEBUG MainClientExec:103 - Connection discarded
2017-03-28 19:13:18 DEBUG PoolingHttpClientConnectionManager:320 - Connection released: [id: 5][route: {}->http://localhost:21597][total kept alive: 0; route allocated: 0 of 2000; total allocated: 0 of 2000]
2017-03-28 19:13:18 DEBUG AppFunctions:50 - Reading object repository....
2017-03-28 19:13:18 DEBUG AppFunctions:50 - Reading object repository....
2017-03-28 19:13:18 DEBUG WebDriverInit:85 - Closing the browser....
2017-03-28 19:13:18 DEBUG RequestAddCookies:122 - CookieSpec selected: default
2017-03-28 19:13:18 DEBUG RequestAuthCache:76 - Auth cache not set in the context
2017-03-28 19:13:18 DEBUG PoolingHttpClientConnectionManager:249 - Connection request: [route: {}->http://localhost:21597][total kept alive: 0; route allocated: 0 of 2000; total allocated: 0 of 2000]
2017-03-28 19:13:18 DEBUG PoolingHttpClientConnectionManager:282 - Connection leased: [id: 6][route: {}->http://localhost:21597][total kept alive: 0; route allocated: 1 of 2000; total allocated: 1 of 2000]
2017-03-28 19:13:18 DEBUG MainClientExec:234 - Opening connection {}->http://localhost:21597
2017-03-28 19:13:18 DEBUG DefaultHttpClientConnectionOperator:131 - Connecting to localhost/127.0.0.1:21597
2017-03-28 19:13:18 DEBUG DefaultHttpClientConnectionOperator:138 - Connection established 127.0.0.1:52352<->127.0.0.1:21597
2017-03-28 19:13:18 DEBUG DefaultManagedHttpClientConnection:90 - http-outgoing-6: set socket timeout to 10800000
2017-03-28 19:13:18 DEBUG MainClientExec:255 - Executing request DELETE /session/9e9cdd519d620322fb405e21655a27c6 HTTP/1.1
2017-03-28 19:13:18 DEBUG MainClientExec:260 - Target auth state: UNCHALLENGED
2017-03-28 19:13:18 DEBUG MainClientExec:266 - Proxy auth state: UNCHALLENGED
2017-03-28 19:13:18 DEBUG headers:135 - http-outgoing-6 >> DELETE /session/9e9cdd519d620322fb405e21655a27c6 HTTP/1.1
2017-03-28 19:13:18 DEBUG headers:138 - http-outgoing-6 >> Host: localhost:21597
2017-03-28 19:13:18 DEBUG headers:138 - http-outgoing-6 >> Connection: Keep-Alive
2017-03-28 19:13:18 DEBUG headers:138 - http-outgoing-6 >> User-Agent: Apache-HttpClient/4.5.1 (Java/1.8.0_121)
2017-03-28 19:13:18 DEBUG headers:138 - http-outgoing-6 >> Accept-Encoding: gzip,deflate
2017-03-28 19:13:18 DEBUG wire:72 - http-outgoing-6 >> "DELETE /session/9e9cdd519d620322fb405e21655a27c6 HTTP/1.1[\r][\n]"
2017-03-28 19:13:18 DEBUG wire:72 - http-outgoing-6 >> "Host: localhost:21597[\r][\n]"
2017-03-28 19:13:18 DEBUG wire:72 - http-outgoing-6 >> "Connection: Keep-Alive[\r][\n]"
2017-03-28 19:13:18 DEBUG wire:72 - http-outgoing-6 >> "User-Agent: Apache-HttpClient/4.5.1 (Java/1.8.0_121)[\r][\n]"
2017-03-28 19:13:18 DEBUG wire:72 - http-outgoing-6 >> "Accept-Encoding: gzip,deflate[\r][\n]"
2017-03-28 19:13:18 DEBUG wire:72 - http-outgoing-6 >> "[\r][\n]"
2017-03-28 19:13:18 DEBUG wire:72 - http-outgoing-6 << "HTTP/1.1 200 OK[\r][\n]"
2017-03-28 19:13:18 DEBUG wire:72 - http-outgoing-6 << "Content-Length:72[\r][\n]"
2017-03-28 19:13:18 DEBUG wire:72 - http-outgoing-6 << "Content-Type:application/json; charset=utf-8[\r][\n]"
2017-03-28 19:13:18 DEBUG wire:72 - http-outgoing-6 << "Connection:close[\r][\n]"
2017-03-28 19:13:18 DEBUG wire:72 - http-outgoing-6 << "[\r][\n]"
2017-03-28 19:13:18 DEBUG wire:86 - http-outgoing-6 << "{"sessionId":"9e9cdd519d620322fb405e21655a27c6","status":0,"value":null}"
2017-03-28 19:13:18 DEBUG headers:124 - http-outgoing-6 << HTTP/1.1 200 OK
2017-03-28 19:13:18 DEBUG headers:127 - http-outgoing-6 << Content-Length:72
2017-03-28 19:13:18 DEBUG headers:127 - http-outgoing-6 << Content-Type:application/json; charset=utf-8
2017-03-28 19:13:18 DEBUG headers:127 - http-outgoing-6 << Connection:close
2017-03-28 19:13:18 DEBUG DefaultManagedHttpClientConnection:81 - http-outgoing-6: Close connection
2017-03-28 19:13:18 DEBUG MainClientExec:103 - Connection discarded
2017-03-28 19:13:18 DEBUG PoolingHttpClientConnectionManager:320 - Connection released: [id: 6][route: {}->http://localhost:21597][total kept alive: 0; route allocated: 0 of 2000; total allocated: 0 of 2000]
2017-03-28 19:13:18 DEBUG PoolingHttpClientConnectionManager:401 - Closing connections idle longer than 0 SECONDS
